<?xml version="1.0" encoding="UTF-8"?>
<!-- Generated by org.testng.reporters.JUnitReportReporter -->
<testsuite skipped="0" hostname="DESKTOP-PLQ0LQG" name="rough.TC002_MS_RegistrationPageTest" tests="1" failures="0" timestamp="04 May 2022 23:38:09 GMT" time="18.034" errors="0">
  <testcase name="RegisterTest" time="18.034" classname="rough.TC002_MS_RegistrationPageTest"/>
</testsuite> <!-- rough.TC002_MS_RegistrationPageTest -->
