<?xml version="1.0" encoding="UTF-8"?>
<!-- Generated by org.testng.reporters.JUnitReportReporter -->
<testsuite skipped="0" hostname="DESKTOP-PLQ0LQG" name="testcases.TC002_MS_RegistrationPageTest" tests="1" failures="0" timestamp="02 May 2022 22:44:00 GMT" time="12.232" errors="0">
  <testcase name="RegisterTest" time="12.232" classname="testcases.TC002_MS_RegistrationPageTest"/>
</testsuite> <!-- testcases.TC002_MS_RegistrationPageTest -->
