<?xml version="1.0" encoding="UTF-8"?>
<!-- Generated by org.testng.reporters.JUnitReportReporter -->
<testsuite skipped="0" hostname="DESKTOP-PLQ0LQG" name="rough.TC003_MS_MyPersonalInfoPageTest" tests="2" failures="0" timestamp="04 May 2022 23:38:09 GMT" time="10.427" errors="0">
  <testcase name="ReLoginWithChangedPasswordTest" time="2.607" classname="rough.TC003_MS_MyPersonalInfoPageTest"/>
  <testcase name="ChangePasswordTest" time="7.820" classname="rough.TC003_MS_MyPersonalInfoPageTest"/>
</testsuite> <!-- rough.TC003_MS_MyPersonalInfoPageTest -->
