<?xml version="1.0" encoding="UTF-8"?>
<!-- Generated by org.testng.reporters.JUnitReportReporter -->
<testsuite skipped="0" hostname="DESKTOP-PLQ0LQG" name="roughtestcases.TC001_MS_LandingPageTest" tests="3" failures="0" timestamp="05 May 2022 11:12:09 GMT" time="25.210" errors="0">
  <testcase name="LandingPageTitleTest" time="2.257" classname="roughtestcases.TC001_MS_LandingPageTest"/>
  <testcase name="CartTextTest" time="0.191" classname="roughtestcases.TC001_MS_LandingPageTest"/>
  <testcase name="FollowUsLinksTest" time="22.762" classname="roughtestcases.TC001_MS_LandingPageTest"/>
</testsuite> <!-- roughtestcases.TC001_MS_LandingPageTest -->
