<?xml version="1.0" encoding="UTF-8"?>
<!-- Generated by org.testng.reporters.JUnitReportReporter -->
<testsuite skipped="0" hostname="DESKTOP-PLQ0LQG" name="roughtestcases.TC002_MS_RegistrationPageTest" tests="1" failures="0" timestamp="05 May 2022 21:05:41 GMT" time="11.820" errors="0">
  <testcase name="RegisterTest" time="11.820" classname="roughtestcases.TC002_MS_RegistrationPageTest"/>
</testsuite> <!-- roughtestcases.TC002_MS_RegistrationPageTest -->
