<?xml version="1.0" encoding="UTF-8"?>
<!-- Generated by org.testng.reporters.JUnitReportReporter -->
<testsuite skipped="0" hostname="DESKTOP-PLQ0LQG" name="testcases.TC001_MS_LandingPageTest" tests="3" failures="0" timestamp="02 May 2022 22:44:00 GMT" time="29.064" errors="0">
  <testcase name="LandingPageTitleTest" time="7.540" classname="testcases.TC001_MS_LandingPageTest"/>
  <testcase name="CartTextTest" time="0.136" classname="testcases.TC001_MS_LandingPageTest"/>
  <testcase name="FollowUsLinksTest" time="21.388" classname="testcases.TC001_MS_LandingPageTest"/>
</testsuite> <!-- testcases.TC001_MS_LandingPageTest -->
