<?xml version="1.0" encoding="UTF-8"?>
<!-- Generated by org.testng.reporters.JUnitReportReporter -->
<testsuite skipped="0" hostname="DESKTOP-PLQ0LQG" name="roughtestcases.TC001_MS_LandingPageTest" tests="3" failures="0" timestamp="07 May 2022 02:12:44 GMT" time="23.931" errors="0">
  <testcase name="LandingPageTitleTest" time="2.539" classname="roughtestcases.TC001_MS_LandingPageTest"/>
  <testcase name="CartTextTest" time="0.259" classname="roughtestcases.TC001_MS_LandingPageTest"/>
  <testcase name="FollowUsLinksTest" time="21.133" classname="roughtestcases.TC001_MS_LandingPageTest"/>
</testsuite> <!-- roughtestcases.TC001_MS_LandingPageTest -->
