<?xml version="1.0" encoding="UTF-8"?>
<!-- Generated by org.testng.reporters.JUnitReportReporter -->
<testsuite skipped="0" hostname="DESKTOP-PLQ0LQG" name="rough.TC004_MS_OrderPageTest" tests="1" failures="0" timestamp="04 May 2022 23:38:09 GMT" time="21.942" errors="0">
  <testcase name="AddProductsToCartTest" time="21.942" classname="rough.TC004_MS_OrderPageTest"/>
</testsuite> <!-- rough.TC004_MS_OrderPageTest -->
