<?xml version="1.0" encoding="UTF-8"?>
<!-- Generated by org.testng.reporters.JUnitReportReporter -->
<testsuite skipped="0" hostname="DESKTOP-PLQ0LQG" name="roughtestcases.TC003_MS_MyPersonalInfoPageTest" tests="2" failures="0" timestamp="05 May 2022 21:05:41 GMT" time="8.688" errors="0">
  <testcase name="ReLoginWithChangedPasswordTest" time="2.509" classname="roughtestcases.TC003_MS_MyPersonalInfoPageTest"/>
  <testcase name="ChangePasswordTest" time="6.179" classname="roughtestcases.TC003_MS_MyPersonalInfoPageTest"/>
</testsuite> <!-- roughtestcases.TC003_MS_MyPersonalInfoPageTest -->
