<?xml version="1.0" encoding="UTF-8"?>
<!-- Generated by org.testng.reporters.JUnitReportReporter -->
<testsuite skipped="0" hostname="DESKTOP-PLQ0LQG" name="roughtestcases.TC004_MS_OrderPageTest" tests="1" failures="0" timestamp="05 May 2022 21:05:41 GMT" time="18.846" errors="0">
  <testcase name="AddProductsToCartTest" time="18.846" classname="roughtestcases.TC004_MS_OrderPageTest"/>
</testsuite> <!-- roughtestcases.TC004_MS_OrderPageTest -->
