<?xml version="1.0" encoding="UTF-8"?>
<!-- Generated by org.testng.reporters.JUnitReportReporter -->
<testsuite skipped="0" hostname="DESKTOP-PLQ0LQG" name="testcases.TC001_MS_LandingPageTest" tests="3" failures="0" timestamp="04 May 2022 15:44:59 GMT" time="22.495" errors="0">
  <testcase name="LandingPageTitleTest" time="2.388" classname="testcases.TC001_MS_LandingPageTest"/>
  <testcase name="CartTextTest" time="0.149" classname="testcases.TC001_MS_LandingPageTest"/>
  <testcase name="FollowUsLinksTest" time="19.958" classname="testcases.TC001_MS_LandingPageTest"/>
</testsuite> <!-- testcases.TC001_MS_LandingPageTest -->
