<?xml version="1.0" encoding="UTF-8"?>
<!-- Generated by org.testng.reporters.JUnitReportReporter -->
<testsuite skipped="0" hostname="DESKTOP-PLQ0LQG" name="roughtestcases.TC004_MS_OrderPageTest" tests="1" failures="0" timestamp="05 May 2022 11:12:09 GMT" time="38.223" errors="0">
  <testcase name="AddProductsToCartTest" time="38.223" classname="roughtestcases.TC004_MS_OrderPageTest"/>
</testsuite> <!-- roughtestcases.TC004_MS_OrderPageTest -->
