<?xml version="1.0" encoding="UTF-8"?>
<!-- Generated by org.testng.reporters.JUnitReportReporter -->
<testsuite skipped="0" hostname="DESKTOP-PLQ0LQG" name="roughtestcases.TC001_MS_LandingPageTest" tests="3" failures="0" timestamp="05 May 2022 21:05:41 GMT" time="22.639" errors="0">
  <testcase name="LandingPageTitleTest" time="1.746" classname="roughtestcases.TC001_MS_LandingPageTest"/>
  <testcase name="CartTextTest" time="0.445" classname="roughtestcases.TC001_MS_LandingPageTest"/>
  <testcase name="FollowUsLinksTest" time="20.448" classname="roughtestcases.TC001_MS_LandingPageTest"/>
</testsuite> <!-- roughtestcases.TC001_MS_LandingPageTest -->
