<?xml version="1.0" encoding="UTF-8"?>
<!-- Generated by org.testng.reporters.JUnitReportReporter -->
<testsuite skipped="0" hostname="DESKTOP-PLQ0LQG" name="roughtestcases.TC001_MS_LandingPageTest" tests="3" failures="0" timestamp="05 May 2022 00:13:48 GMT" time="29.820" errors="0">
  <testcase name="LandingPageTitleTest" time="2.687" classname="roughtestcases.TC001_MS_LandingPageTest"/>
  <testcase name="CartTextTest" time="0.175" classname="roughtestcases.TC001_MS_LandingPageTest"/>
  <testcase name="FollowUsLinksTest" time="26.958" classname="roughtestcases.TC001_MS_LandingPageTest"/>
</testsuite> <!-- roughtestcases.TC001_MS_LandingPageTest -->
