<?xml version="1.0" encoding="UTF-8"?>
<!-- Generated by org.testng.reporters.JUnitReportReporter -->
<testsuite skipped="0" hostname="DESKTOP-PLQ0LQG" name="testcases.TC003_MS_MyPersonalInfoPageTest" tests="2" failures="0" timestamp="04 May 2022 15:44:59 GMT" time="12.327" errors="0">
  <testcase name="ReLoginWithChangedPasswordTest" time="3.401" classname="testcases.TC003_MS_MyPersonalInfoPageTest"/>
  <testcase name="ChangePasswordTest" time="8.926" classname="testcases.TC003_MS_MyPersonalInfoPageTest"/>
</testsuite> <!-- testcases.TC003_MS_MyPersonalInfoPageTest -->
