<?xml version="1.0" encoding="UTF-8"?>
<!-- Generated by org.testng.reporters.JUnitReportReporter -->
<testsuite skipped="0" hostname="DESKTOP-PLQ0LQG" name="rough.TC005_MS_ContactUsPageTest" tests="1" failures="0" timestamp="04 May 2022 23:38:09 GMT" time="8.258" errors="0">
  <testcase name="ContactUsPageTest" time="8.258" classname="rough.TC005_MS_ContactUsPageTest"/>
</testsuite> <!-- rough.TC005_MS_ContactUsPageTest -->
