<?xml version="1.0" encoding="UTF-8"?>
<!-- Generated by org.testng.reporters.JUnitReportReporter -->
<testsuite skipped="0" hostname="DESKTOP-PLQ0LQG" name="testcases.TC004_MS_OrderPageTest" tests="1" failures="0" timestamp="02 May 2022 22:44:00 GMT" time="15.510" errors="0">
  <testcase name="AddProductsToCartTest" time="15.510" classname="testcases.TC004_MS_OrderPageTest"/>
</testsuite> <!-- testcases.TC004_MS_OrderPageTest -->
