<?xml version="1.0" encoding="UTF-8"?>
<!-- Generated by org.testng.reporters.JUnitReportReporter -->
<testsuite skipped="0" hostname="DESKTOP-PLQ0LQG" name="roughtestcases.TC003_MS_MyPersonalInfoPageTest" tests="2" failures="0" timestamp="07 May 2022 02:12:44 GMT" time="8.717" errors="0">
  <testcase name="ReLoginWithChangedPasswordTest" time="2.311" classname="roughtestcases.TC003_MS_MyPersonalInfoPageTest"/>
  <testcase name="ChangePasswordTest" time="6.406" classname="roughtestcases.TC003_MS_MyPersonalInfoPageTest"/>
</testsuite> <!-- roughtestcases.TC003_MS_MyPersonalInfoPageTest -->
