<?xml version="1.0" encoding="UTF-8"?>
<!-- Generated by org.testng.reporters.JUnitReportReporter -->
<testsuite skipped="0" hostname="DESKTOP-PLQ0LQG" name="roughtestcases.TC002_MS_RegistrationPageTest" tests="1" failures="0" timestamp="07 May 2022 02:12:44 GMT" time="12.629" errors="0">
  <testcase name="RegisterTest" time="12.629" classname="roughtestcases.TC002_MS_RegistrationPageTest"/>
</testsuite> <!-- roughtestcases.TC002_MS_RegistrationPageTest -->
