<?xml version="1.0" encoding="UTF-8"?>
<!-- Generated by org.testng.reporters.JUnitReportReporter -->
<testsuite skipped="0" hostname="DESKTOP-PLQ0LQG" name="testcases.TC003_MS_MyPersonalInfoPageTest" tests="2" failures="0" timestamp="02 May 2022 22:44:00 GMT" time="8.809" errors="0">
  <testcase name="ReLoginWithChangedPasswordTest" time="2.909" classname="testcases.TC003_MS_MyPersonalInfoPageTest"/>
  <testcase name="ChangePasswordTest" time="5.900" classname="testcases.TC003_MS_MyPersonalInfoPageTest"/>
</testsuite> <!-- testcases.TC003_MS_MyPersonalInfoPageTest -->
