<?xml version="1.0" encoding="UTF-8"?>
<!-- Generated by org.testng.reporters.JUnitReportReporter -->
<testsuite skipped="0" hostname="DESKTOP-PLQ0LQG" name="roughtestcases.TC004_MS_OrderPageTest" tests="1" failures="0" timestamp="05 May 2022 00:13:48 GMT" time="16.616" errors="0">
  <testcase name="AddProductsToCartTest" time="16.616" classname="roughtestcases.TC004_MS_OrderPageTest"/>
</testsuite> <!-- roughtestcases.TC004_MS_OrderPageTest -->
