<?xml version="1.0" encoding="UTF-8"?>
<!-- Generated by org.testng.reporters.JUnitReportReporter -->
<testsuite skipped="0" hostname="DESKTOP-PLQ0LQG" name="roughtestcases.TC005_MS_ContactUsPageTest" tests="1" failures="0" timestamp="05 May 2022 18:20:37 GMT" time="33.590" errors="0">
  <testcase name="ContactUsPageTest" time="33.590" classname="roughtestcases.TC005_MS_ContactUsPageTest"/>
</testsuite> <!-- roughtestcases.TC005_MS_ContactUsPageTest -->
