<?xml version="1.0" encoding="UTF-8"?>
<!-- Generated by org.testng.reporters.JUnitReportReporter -->
<testsuite skipped="0" hostname="DESKTOP-PLQ0LQG" name="testcases.TC002_MS_RegistrationPageTest" tests="1" failures="0" timestamp="04 May 2022 16:47:35 GMT" time="13.579" errors="0">
  <testcase name="RegisterTest" time="13.579" classname="testcases.TC002_MS_RegistrationPageTest"/>
</testsuite> <!-- testcases.TC002_MS_RegistrationPageTest -->
