<?xml version="1.0" encoding="UTF-8"?>
<!-- Generated by org.testng.reporters.JUnitReportReporter -->
<testsuite skipped="0" hostname="DESKTOP-PLQ0LQG" name="testcases.TC005_MS_ContactUsPageTest" tests="1" failures="0" timestamp="04 May 2022 16:47:35 GMT" time="6.966" errors="0">
  <testcase name="ContactUsPageTest" time="6.966" classname="testcases.TC005_MS_ContactUsPageTest"/>
</testsuite> <!-- testcases.TC005_MS_ContactUsPageTest -->
