<?xml version="1.0" encoding="UTF-8"?>
<!-- Generated by org.testng.reporters.JUnitReportReporter -->
<testsuite skipped="0" hostname="DESKTOP-PLQ0LQG" name="testcases.TC001_MS_LandingPageTest" tests="3" failures="0" timestamp="04 May 2022 16:47:35 GMT" time="29.905" errors="0">
  <testcase name="LandingPageTitleTest" time="2.393" classname="testcases.TC001_MS_LandingPageTest"/>
  <testcase name="CartTextTest" time="0.238" classname="testcases.TC001_MS_LandingPageTest"/>
  <testcase name="FollowUsLinksTest" time="27.274" classname="testcases.TC001_MS_LandingPageTest"/>
</testsuite> <!-- testcases.TC001_MS_LandingPageTest -->
