<?xml version="1.0" encoding="UTF-8"?>
<!-- Generated by org.testng.reporters.JUnitReportReporter -->
<testsuite skipped="0" hostname="DESKTOP-PLQ0LQG" name="roughtestcases.TC003_MS_MyPersonalInfoPageTest" tests="2" failures="0" timestamp="05 May 2022 11:45:59 GMT" time="14.962" errors="0">
  <testcase name="ReLoginWithChangedPasswordTest" time="3.646" classname="roughtestcases.TC003_MS_MyPersonalInfoPageTest"/>
  <testcase name="ChangePasswordTest" time="11.316" classname="roughtestcases.TC003_MS_MyPersonalInfoPageTest"/>
</testsuite> <!-- roughtestcases.TC003_MS_MyPersonalInfoPageTest -->
